Compiling the C compiler identification source file "CMakeCCompilerId.c" failed.
Compiler: /opt/zephyr-sdk/sysroots/x86_64-pokysdk-linux/usr/bin/arm-zephyr-eabi/arm-zephyr-eabi-gcc 
Build flags: 
Id flags:  

The output was:
1
/opt/zephyr-sdk/sysroots/x86_64-pokysdk-linux/usr/bin/arm-zephyr-eabi/../../libexec/arm-zephyr-eabi/gcc/arm-zephyr-eabi/6.2.0/real-ld: cannot find crti.o: No such file or directory
/opt/zephyr-sdk/sysroots/x86_64-pokysdk-linux/usr/bin/arm-zephyr-eabi/../../libexec/arm-zephyr-eabi/gcc/arm-zephyr-eabi/6.2.0/real-ld: cannot find crtbegin.o: No such file or directory
/opt/zephyr-sdk/sysroots/x86_64-pokysdk-linux/usr/bin/arm-zephyr-eabi/../../libexec/arm-zephyr-eabi/gcc/arm-zephyr-eabi/6.2.0/real-ld: cannot find crt0.o: No such file or directory
/opt/zephyr-sdk/sysroots/x86_64-pokysdk-linux/usr/bin/arm-zephyr-eabi/../../libexec/arm-zephyr-eabi/gcc/arm-zephyr-eabi/6.2.0/real-ld: cannot find -lgcc
collect2: error: ld returned 1 exit status


Compiling the CXX compiler identification source file "CMakeCXXCompilerId.cpp" failed.
Compiler: /opt/zephyr-sdk/sysroots/x86_64-pokysdk-linux/usr/bin/arm-zephyr-eabi/arm-zephyr-eabi-g++ 
Build flags: 
Id flags:  

The output was:
1
/opt/zephyr-sdk/sysroots/x86_64-pokysdk-linux/usr/bin/arm-zephyr-eabi/../../libexec/arm-zephyr-eabi/gcc/arm-zephyr-eabi/6.2.0/real-ld: cannot find crti.o: No such file or directory
/opt/zephyr-sdk/sysroots/x86_64-pokysdk-linux/usr/bin/arm-zephyr-eabi/../../libexec/arm-zephyr-eabi/gcc/arm-zephyr-eabi/6.2.0/real-ld: cannot find crtbegin.o: No such file or directory
/opt/zephyr-sdk/sysroots/x86_64-pokysdk-linux/usr/bin/arm-zephyr-eabi/../../libexec/arm-zephyr-eabi/gcc/arm-zephyr-eabi/6.2.0/real-ld: cannot find crt0.o: No such file or directory
/opt/zephyr-sdk/sysroots/x86_64-pokysdk-linux/usr/bin/arm-zephyr-eabi/../../libexec/arm-zephyr-eabi/gcc/arm-zephyr-eabi/6.2.0/real-ld: cannot find -lstdc++
/opt/zephyr-sdk/sysroots/x86_64-pokysdk-linux/usr/bin/arm-zephyr-eabi/../../libexec/arm-zephyr-eabi/gcc/arm-zephyr-eabi/6.2.0/real-ld: cannot find -lgcc
collect2: error: ld returned 1 exit status


